Configuring conduit-1.1.7...
Building conduit-1.1.7...
Preprocessing library conduit-1.1.7...
[1 of 4] Compiling Data.Conduit.Internal ( Data/Conduit/Internal.hs, dist/dist-sandbox-caad765c/build/Data/Conduit/Internal.o )

Data/Conduit/Internal.hs:391:5: Warning:
    Rule "mapM_ CI.yield" may never fire
      because ‘mapM_’ might inline first
    Probable fix: add an INLINE[n] or NOINLINE[n] pragma on ‘mapM_’
[2 of 4] Compiling Data.Conduit     ( Data/Conduit.hs, dist/dist-sandbox-caad765c/build/Data/Conduit.o )

Data/Conduit.hs:189:5: Warning:
    Rule "mapM_ yield" may never fire
      because ‘mapM_’ might inline first
    Probable fix: add an INLINE[n] or NOINLINE[n] pragma on ‘mapM_’
[3 of 4] Compiling Data.Conduit.List ( Data/Conduit/List.hs, dist/dist-sandbox-caad765c/build/Data/Conduit/List.o )

Data/Conduit/List.hs:64:1: Warning:
    The import of ‘succ, either’ from module ‘Prelude’ is redundant

Data/Conduit/List.hs:214:11: Warning:
    Rule "connect to mapM_" may never fire
      because ‘$$’ might inline first
    Probable fix: add an INLINE[n] or NOINLINE[n] pragma on ‘$$’

Data/Conduit/List.hs:273:11: Warning:
    Rule "source/map fusion $=" may never fire
      because ‘$=’ might inline first
    Probable fix: add an INLINE[n] or NOINLINE[n] pragma on ‘$=’

Data/Conduit/List.hs:274:11: Warning:
    Rule "source/map fusion =$=" may never fire
      because ‘=$=’ might inline first
    Probable fix: add an INLINE[n] or NOINLINE[n] pragma on ‘=$=’

Data/Conduit/List.hs:541:11: Warning:
    Rule "source/filter fusion $=" may never fire
      because ‘$=’ might inline first
    Probable fix: add an INLINE[n] or NOINLINE[n] pragma on ‘$=’

Data/Conduit/List.hs:542:11: Warning:
    Rule "source/filter fusion =$=" may never fire
      because ‘=$=’ might inline first
    Probable fix: add an INLINE[n] or NOINLINE[n] pragma on ‘=$=’

Data/Conduit/List.hs:551:11: Warning:
    Rule "connect to sinkNull" may never fire
      because ‘$$’ might inline first
    Probable fix: add an INLINE[n] or NOINLINE[n] pragma on ‘$$’
[4 of 4] Compiling Data.Conduit.Lift ( Data/Conduit/Lift.hs, dist/dist-sandbox-caad765c/build/Data/Conduit/Lift.o )
In-place registering conduit-1.1.7...
Creating package registration file: /tmp/pkgConf-conduit-1.128535.7
Installing library in
/home/marius/wip/subsonic-cli/.cabal-sandbox/lib/x86_64-linux-ghc-7.8.3/conduit-1.1.7
Registering conduit-1.1.7...
